[    0.000000] Linux version 4.15.0-74-generic (buildd@lcy01-amd64-022) (gcc version 7.4.0 (Ubuntu 7.4.0-1ubuntu1~18.04.1)) #84-Ubuntu SMP Thu Dec 19 08:06:28 UTC 2019 (Ubuntu 4.15.0-74.84-generic 4.15.18)
[    0.000000] Command line: BOOT_IMAGE=/boot/vmlinuz-4.15.0-74-generic root=LABEL=cloudimg-rootfs ro console=tty1 console=ttyS0
[    0.000000] KERNEL supported cpus:
[    0.000000]   Intel GenuineIntel
[    0.000000]   AMD AuthenticAMD
[    0.000000]   Centaur CentaurHauls
[    0.000000] x86/fpu: Supporting XSAVE feature 0x001: 'x87 floating point registers'
[    0.000000] x86/fpu: Supporting XSAVE feature 0x002: 'SSE registers'
[    0.000000] x86/fpu: Supporting XSAVE feature 0x004: 'AVX registers'
[    0.000000] x86/fpu: xstate_offset[2]:  576, xstate_sizes[2]:  256
[    0.000000] x86/fpu: Enabled xstate features 0x7, context size is 832 bytes, using 'standard' format.
[    0.000000] e820: BIOS-provided physical RAM map:
[    0.000000] BIOS-e820: [mem 0x0000000000000000-0x000000000009fbff] usable
[    000000] BIOS-e820: [mem 0x000000000009fc00-0x000000000009ffff] reserved
[   0.0000] BI-e820:me 0x000000f000-00000000000fffff] reserved
[    0.000000] BIOS-e820: [mem 0x0000000000100000-0x000000003ffeffff] usable
[    0.000000] BIOS-e820: [mem 0x000000003fff0000-0x000000003fffffff] ACPI data
[    0.000000] BIOS-e820: [mem 0x00000000fec00000-0x00000000fec00fff] reserved
[    0.000000] BIOS-e820: [mem 0x00000000fee00000-0x00000000fee00fff] reserved
[    0.000000] BIOS-e820: [mem 0x00000000fffc0000-0x00000000ffffffff] reserved
[    0.000000] NX (Execute Disable) protection: active
[    0.000000] SMBIOS 2.present.
[   0.000000] DMI: innotek GmbH VirtualBox/VirtualBox, BIOS Viralox 12/01/2006
[    0.000000] Hypervisor detected: KVM
[    0.000000] e820: last_pfn = 0x3fff0 max_arch_pfn = 0x400000000
[    0.000000] MTRR: Disabled
[  0000000] x86/PAT: MTRRs disabled, skipping PAT initialization too.
[    0.000000] CPU MTRRs all blank - virtualized system.
[    0.000000] x86/PAT: Configuration [0-7]: WB  WT  UC- UC  WB  WT  UC- UC  
[    0.000000] found SMP MP-table at [mem 0x0009fff0-0x0009ffff]
[    0.000000] Scanning 1 areas for low memory corruption
[    0.000000] RAMDISK: [mem 0x35a6b000-0x36d2cfff]
[    0.000000] ACPI: Early table checksum verification disabled
[    0.000000] ACPI: RSDP 0x00000000000E0000 000024 (v02 VBOX  )
[    0.000000] ACPI: XSDT 0x000000003FFF0030 00003C (v01 VBO  VBOXXSDT 00000001 ASL  00000061)
[    0.000000] ACPI: FACP 0x000000003FFF00F0 0000F4 (v04 VBOX   VBOXFACP 00000001 ASL  00000061)
[    0.000000] ACPI: DSDT 0x000000003FFF0470 0021FF (v02 VBOX   VBOXBIOS 00000002 INTL 20180105)
[    0.000000] ACPI: FACS 0x000000003FFF0200 000040
[    0.000000] ACPI: FACS 0x000000003FFF0200 000040
[    0.000000] ACPI: APIC 0x000000003FFF0240 00005C (v02 VBOX   VBOXAPIC 00000001 ASL  00000061)
[    0.000000] ACPI: SSDT 0x000000003FFF02A0 0001CC (v01 VBOX   VBOXCPUT 00000002 INTL 20180105)
[    0.000000] No NUMA configuration found
[    0.000000] Faking a node at [mem 0x0000000000000000-0x000000003ffeffff]
[    0.000000] NODE_TA0) allocated [mem 0x3ffc5000-0x3ffeffff]
[    0.000000] kvm-clock: cpu 0, msr 0:3ff44001, primary cpu clock
[    0.000000] kvm-clock: Using msrs 4b564d01 and 4b564d00
[    0.000000] kvm-clock: using sched offset of 5433561340 cycles
[    0.000000] clocksource: kvm-clock: mask: 0xffffffffffffffff max_cycles: 0x1cd42e4dffb, max_idle_ns: 881590591483 ns
[    0.000000] Zone ranges:
[    0.000000]   DMA      [mem 0x0000000000001000-0x0000000000ffffff]
[    0.000000]   DMA32    [mem 0x0000000001000000-0x000000003ffeffff]
[    0.000000]   Normal   empty
[    0.000000]   Device   empty
[    0.000000] Movable zone start for each node
[    0.000000] Early memory node ranges
[    0.000000]   node   0: [mem 0x0000000000001000-0x000000000009efff]
[    0.000000]   node   0: [mem 0x0000000000100000-0x000000003ffeffff]
[    0.000000] Reserved but unavailable: 98 pages
[    0.000000] Initmem setup node 0 [mem 0x0000000000001000-0x000000003ffeffff]
[    0.000000] ACPI: PM-Timer IO Port: 0x4008
[    0.000000] IOAPIC[0]: apic_id 2, version 32, address 0xfec00000, GSI 0-23
[    0.000000] ACPI: INT_SRC_OVR (bus 0 bus_irq 0 global_irq 2 dfl dfl)
[    0.000000] ACPI: INT_SRC_OVR (bus 0 bus_irq 9 global_irq 9 low level)
[    0.000000] Using ACPI (MADT) for SMP configuration information
[    0.000000] smpboot: Allowing 2 CPUs, 0 hotplug CPUs
[    0.000000] PM: Registered nosave memory: [mem 0x00000000-0x00000fff]
[    0.000000] PM: Registered nosave memory: [mem 0x0009f000-0x0009ffff]
[    0.000000] PM: Registered nosave memory: [mem 0x000a0000-0x000effff]
[    0.000000] PM: Registered nosave memory: [mem 0x000f0000-0x000fffff]
[    0.000000] e820: [mem 0x40000000-0xfebfffff] available for PCI devices
[    0.000000] Booting paravirtualized kernel on KVM
[    0.000000] clocksource: refind-jiffies: mask: 0xffffffff max_cycles: 0xffffffff, max_idle_ns: 7645519600211568 ns
[    0.000000] ranm:get_random_bytes called from start_kernel+0x99/0x4fd with crng_init=0
[    0.000000] setup_percpu: NCPUS:8192 nr_cpumask_bits:2 nr_cpu_ids:2 nr_node_ids:1
[    0.000000] percpu: Embedded 45 pages/cpu s147456 r8192 d28672 u1048576
[    0.000000] PV qspinlock hash table entries: 256 (order: 0, 4096 bytes)
[    0.000000] Built 1 zonelists, mobility grouping on.  Total pages: 257913
[    0.000000] Policy zone: DMA32
[    0.000000] Kernel command line: BOOT_IMAGE=/boot/vmlinuz-4.15.0-74-generic root=LABEL=cloudimg-rootfs ro console=tty1 console=ttyS0
[    0.000000] Memory: 983072K/1048120K available (12300K kernel code, 2481K rwdata, 4260K rodata, 2428K init, 2704K bss, 65048K reserved, 0K cma-reserved)
[    0.000000]LU: HWalign=64, Order=0-3, MinObjects=0, CPU=2, Nodes=1
[    0.000000] Kernel/User page tables isolation: enabled
[    0.00000 ftrace: allocating 39322 entries in 154 pages
[    0.004000] Hierarchical RCU implementation.
[    0.004000] 	RCU restricting CPUs from NR_CPUS=8192 to nr_cpu_ids=2.
[    0.004000] 	Tasks RCU enabled.
[    0.004000] RCU: Adjusting geometry for rcu_fanout_leaf=16, nr_cpu_ids=2
[    0.004000] NR_IRQS: 524544, nr_irqs: 440, preallocated irqs: 16
[    0.004000] Console: colour VGA+ 80x25
[    0.004000] console [tty1] enabled
[    0.004000] console [ttyS0] enabled
[    0.004000] ACPI: Core revision 20170831
[    0.004000] ACPI: 2 ACPI AML tables successfully acquired and loaded
[    0.004000] APIC: Switch to symmetric I/O mode setup
[  0.004000] x2apic enabled
[    0.004011] Switched APIC routing to physical x2apic.
[    0.008870] ..TIMER: vector=0x30 apic1=0 pin1=2 apic2=-1 pin2=-1
[    0.012004] tsc: Detected 1830.427 MHz processor
[    0.012760] Calibrating delay loop (skipped) preset value.. 3660.85 BogoMIPS (lpj=7321708)
[    0.016006] pid_max: default: 32768 minimum: 301
[    0.020037] Security Framework initialized
[    0.020670] Yama: becoming mindful.
[    0.021247] AppArmor: AppArmor initialized
[    0.024753] Dentry cache hash table entries: 131072 (order: 8, 1048576 bytes)
[    0.026027] Inode-cache hash table entries: 65536 (order: 7, 524288 bytes)
[    0.027081] Mount-cache hash table entries: 2048 (order: 2, 16384 bytes)
[    0.028014] Mountpoint-cache hash table entries: 2048 (order: 2, 16384 bytes)
[    0.032232] Last level iTLB entries: 4KB 64, 2MB 8, 4MB 8
[    0.033153] Last level dTLB entries: 4KB 64, 2MB 0, 4MB 0, 1GB 4
[    0.036002] Spectre V1 : Mitigation: usercopy/swapgs barriers and __user pointer sanitization
[    0.037421] Spectre V2 : Mitigation: Full generic retpoline
[    0.038410] Spectre V2 : Spectre v2 / SpectreRSB mitigation: Filling RSB on context switch
[    0.040005] Speculative Store Bypass: Vulnerable
[    0.044041] MDS: Mitigation: Clear CPU buffers
[    0.044998] Freeing SMP alternatives memory: 36K
[    0.158149] APIC calibration not consistent with PM-Timer: 102ms instead of 100ms
[    0.160000] APIC delta adjusted to PM-Timer: 6250002 (6379541)
[    0.160044] smpboot: CPU0: Intel(R) Core(TM) i5-8250U CPU @ 1.60GHz (family: 0x6, model: 0x8e, stepping: 0xa)
[    0.161734] Performance Events: unsupported p6 CPU model 142 no PMU driver, software events only.
[    0.164039] Hierarchical SRCU implementation.
[    0.165329] NMI watchdog: Perf event create on CPU 0 failed with -2
[    0.166392] NMI watchdog: Perf NMI watchdog permanently disabled
[    0.168046] smp: Bringing up secondary CPUs ...
[    0.168904] x86: Booting SMP configuration:
[    0.169635] .... node  #0, CPUs:      #1
[    0.004000] kvm-clock: cpu 1, msr 0:3ff44041, secondary cpu clock
[    0.200022] smp: Brought up 1 node, 2 CPUs
[    0.200767] smpboot: Max logical packages: 1
[    0.201524] smpboot: Total of 2 processors activated (7321.70 BogoMIPS)
[    0.204118] devtmpfs: initialized
[    0.208064] x86/mm: Memory block size: 128MB
[    0.212129] evm: security.selinux
[    0.212729] evm: security.SMACK64
[    0.213335] evm: security.SMACK64EXEC
[    0.213996] evm: security.SMACK64TRANSMUTE
[    0.216004] evm: security.SMACK64MMAP
[    0.216681] evm: security.apparmor
[    0.217274] evm: security.ima
[    0.217800] evm: security.capability
[    0.220097] clocksource: jiffies: mask: 0xffffffff max_cycles: 0xffffffff, max_idle_ns: 7645041785100000 ns
[    0.224015] futex hash table entries: 512 (order: 3, 32768 bytes)
[    0.228017] pinctrl core: initialized pinctrl subsystem
[    0.229027] RTC time: 15:06:10, date: 01/31/20
[    0.232142] NET: Registered protocol family 16
[    0.233005] audit: initializing netlink subsys (disabled)
[    0.233961] audit: type=2000 audit(1580483174.174:1): state=initialized audit_enabled=0 res=1
[    0.236006] cpuidle: using governor ladder
[    0.236756] cpuidle: using governor menu
[    0.237497] ACPI: bus type PCI registered
[    0.240004] acpiphp: ACPI Hot Plug PCI Controller Driver version: 0.5
[    0.241132] PCI: Using configuration type 1 for base access
[    0.244393] HugeTLB registered 2.00 MiB page size, pre-allocated 0 pages
[    0.245177] ACPI: Added _OSI(Module Device)
[    0.245177] ACPI: Added _OSI(Processor Device)
[    0.245573] ACPI: Added _OSI(3.0 _SCP Extensions)
[    0.248003] ACPI: Added _OSI(Processor Aggregator Device)
[    0.248904] ACPI: Added _OSI(Linux-Dell-Video)
[    0.249690] ACPI: Added _OSI(Linux-Lenovo-NV-HDMI-Audio)
[    0.250575] ACPI: Added _OSI(Linux-HPI-Hybrid-Graphics)
[    0.252153] ACPI: Executed 1 blocks of module-level executable AML code
[    0.257171] ACPI: Interpreter enabled
[    0.257844] ACPI: (supports S0 S5)
[    0.258469] ACPI: Using IOAPIC for interrupt routing
[    0.259507] PCI: Using host bridge windows from ACPI; if necessary, use "pci=nocrs" and report a bug
[    0.260158] ACPI: Enabled 2 GPEs in block 00 to 07
[    0.266875] ACPI: PCI Root Bridge [PCI0] (domain 0000 [bus 00-ff])
[    0.268029] acpi PNP0A03:00: _OSC: OS supports [ASPM ClockPM Segments MSI]
[    0.272046] acpi PNP0A03:00: _OSC: not requesting OS control; OS requires [ExtendedConfig ASPM ClockPM MSI]
[    0.276023] acpi PNP0A03:00: fail to add MMCONFIG information, can't access extended PCI configuration space under this bridge.
[    0.280438] PCI host bridge to bus 0000:00
[    0.281134] pci_bus 0000:00: root bus resource [io  0x0000-0x0cf7 window]
[    0.284005] pci_bus 0000:00: root bus resource [io  0x0d00-0xffff window]
[    0.286149] pci_bus 0000:00: root bus resource [mem 0x000a0000-0x000bffff window]
[    0.288003] pci_bus 0000:00: root bus resource [mem 0x40000000-0xfdffffff window]
[    0.288962] pci_bus 0000:00: root bus resource [bus 00-ff]
[    0.293515] pci 0000:00:01.1: legacy IDE quirk: reg 0x10: [io  0x01f0-0x01f7]
[    0.296008] pci 0000:00:01.1: legacy IDE quirk: reg 0x14: [io  0x03f6]
[    0.297121] pci 0000:00:01.1: legacy IDE quirk: reg 0x18: [io  0x0170-0x0177]
[    0.300007] pci 0000:00:01.1: legacy IDE quirk: reg 0x1c: [io  0x0376]
[    0.313467] pci 0000:00:07.0: quirk: [io  0x4000-0x403f] claimed by PIIX4 ACPI
[    0.316021] pci 0000:00:07.0: quirk: [io  0x4100-0x410f] claimed by PIIX4 SMB
[    0.326152] ACPI: PCI Interrupt Link [LNKA] (IRQs 5 9 10 *11)
[    0.328286] ACPI: PCI Interrupt Link [LNKB] (IRQs 5 9 *10 11)
[    0.332095] ACPI: PCI Interrupt Link [LNKC] (IRQs 5 *9 10 11)
[    0.333166] ACPI: PCI Interrupt Link [LNKD] (IRQs 5 9 10 *11)
[    0.334468] SCSI subsystem initialized
[    0.336058] pci 0000:00:02.0: vgaarb: setting as boot VGA device
[    0.337049] pci 0000:00:02.0: vgaarb: VGA device added: decodes=io+mem,owns=io+mem,locks=none
[    0.340009] pci 0000:00:02.0: vgaarb: bridge control possible
[    0.344003] vgaarb: loaded
[    0.344568] ACPI: bus type USB registered
[    0.348033] usbcore: registered new interface driver usbfs
[    0.352029] usbcore: registered new interface driver hub
[    0.356043] usbcore: registered new device driver usb
[    0.356934] EDAC MC: Ver: 3.0.0
[    0.356934] PCI: Using ACPI for IRQ routing
[    0.360227] NetLabel: Initializing
[    0.360770] NetLabel:  domain hash size = 128
[    0.361554] NetLabel:  protocols = UNLABELED CIPSOv4 CALIPSO
[    0.362644] NetLabel:  unlabeled traffic allowed by default
[    0.364080] clocksource: Switched to clocksource kvm-clock
[    0.374740] VFS: Disk quotas dquot_6.6.0
[    0.375505] VFS: Dquot-cache hash table entries: 512 (order 0, 4096 bytes)
[    0.385250] AppArmor: AppArmor Filesystem Enabled
[    0.386036] pnp: PnP ACPI init
[    0.387759] pnp: PnP ACPI: found 3 devices
[  09673] clocksource: acpi_: mask: 0xffffff max_cycles: 0xffffff, max_idle_ns: 208501024 ns
[    0.5677NET: Registered protoc fily 

[    0.775145] TCP established hash table entries: 8192 (order: 4, 65536 bytes)
[    0.848358] TCP bind hash table entries: 8192 (order: 5, 131072 bytes)
[    0.855313] TCP: Hash tables configured (established 8192 bind 8192)
[  0565]DPas table entries: 512 (order: 2, 16384 bytes)
[   1.123286] UDP-Lite hash table entries: 512 (order: 2, 16384 bytes)
[    1819]ETRestedrocofaly
  1.83] i 000:.0Liti direct PCI/PCI transrs
[    2.187957] pci 00:00:01.0:Activating ISA DMA hang workarounds

[    2.254778] pci 0000:00:02.0: Video device with shadowed ROM at [mem 0x000c0000-0x000dffff]
[    2.261615] Unpacking initramfs...
[    2.525062  Freeing initrd memory: 19208K
[    2.705504] clocksource: tsc: mask: 0xffffffffffffffff max_cycles: 0x1a6270cfb3a, max_idle_ns: 440795230361 ns
[    2.717724] platform rtc_cmos: registered platform RTC device (no PNP device found)
[    2.718948] Scanning for low memory corruption every 60 seconds
[    2.751752] Initialise system trusted keyrings
[    2.764681] Key type blacklist registered
[    2.770791] workingset: timestamp_bits=36 max_order=18 bucket_order=0
[    2.813028] zbud: loaded
[    2.813945] squashfs: version 4.0 (2009/01/31) Phillip Lougher
[    2.830820] fuse init (API version 7.26)
[    2.833191] Key type asymmetric registered
[    2.833870] Asymmetric key parser 'x509' registered
[    2.834601] Block layer SCSI generic (bsg) driver version 0.4 loaded (major 246)
[    2.841218] io scheduler noop registered
[    2.841925] io scheduler deadline registered
[    2.842698] io scheduler cfq registered (default)
[    2.843797] ACPI: AC Adapter [AC] (on-line)
[    2.844604] input: Power Button as /devices/LNXSYSTM:00/LNXPWRBN:00/input/input0
[    2.851229] ACPI: Power Button [PWRF]
[    2.859006] input: Sleep Button as /devices/LNXSYSTM:00/LNXSLPBN:00/input/input1
[    2.860161] ACPI: Sleep Button [SLPF]
[    2.888053] ACPI: Battery Slot [BAT0] (battery present)
[    2.888615] virtio-pci 0000:00:03.0: virtio_pci: leaving for legacy driver
[    2.924361] virtio-pci 0000:00:08.0: virtio_pci: leaving for legacy driver
[    2.964601] Serial: 8250/16550 driver, 32 ports, IRQ sharing enabled
[    3.121290] 00:02: ttyS0 at I/O 0x3f8 (irq = 4, base_baud = 115200) is a 16550A
[    3.130619] Linux agpgart interface v0.103
[    3.143190] loop: module loaded
[    3.158949] scsi host0: ata_piix
[    3.188080] scsi host1: ata_piix
[    3.248380] ata1: PATA max UDMA/33 cmd 0x1f0 ctl 0x3f6 bmdma 0xd000 irq 14
[    3.305212] ata2: PATA max UDMA/33 cmd 0x170 ctl 0x376 bmdma 0xd008 irq 15
[    3.319934] libphy: Fixed MDIO Bus: probed
[    3.413505] tun: Universal TUN/TAP device driver, 1.6
[    3.433429] PPP generic driver version 2.4.2
[    3.434217] ehci_hcd: USB 2.0 'Enhanced' Host Controller (EHCI) Driver
[    3.435320] ehci-pci: EHCI PCI platform driver
[    3.436221] ehci-platform: EHCI generic platform driver
[    3.437132] ohci_hcd: USB 1.1 'Open' Host Controller (OHCI) Driver
[    3.438163] ohci-pci: OHCI PCI platform driver
[    3.438941] ohci-platform: OHCI generic platform driver
[    3.439859] uhci_hcd: USB Universal Host Controller Interface driver
[    3.440991] i8042: PNP: PS/2 Controller [PNP0303:PS2K,PNP0f03:PS2M] at 0x60,0x64 irq 1,12
[    3.464636] serio: i8042 KBD port at 0x60,0x64 irq 1
[    3.472862] serio: i8042 AUX port at 0x60,0x64 irq 12
[    3.473812] mousedev: PS/2 mouse device common for all mice
[    3.491117] input: AT Translated Set 2 keyboard as /devices/platform/i8042/serio0/input/input2
[    3.503228] rtc_cmos rtc_cmos: rtc core: registered rtc_cmos as rtc0
[    3.512218] rtc_cmos rtc_cmos: alarms up to one day, 114 bytes nvram
[    3.513286] i2c /dev entries driver
[    3.513978] device-mapper: uevent: version 1.0.3
[    3.515753] device-mapper: ioctl: 4.37.0-ioctl (2017-09-20) initialised: dm-devel@redhat.com
[    3.518135] ledtrig-cpu: registered to indicate activity on CPUs
[    3.519476] NET: Registered protocol family 10
[    3.523124] Segment Routing with IPv6
[    3.531734] NET: Registered protocol family 17
[    3.552515] Key type dns_resolver registered
[    3.553447] mce: Using 0 MCE banks
[    3.563233] RAS: Correctable Errors collector initialized.
[    3.564175] sched_clock: Marking stable (3563213309, 0)->(6936250462, -3373037153)
[    3.565752] registered taskstats version 1
[    3.566489] Loading compiled-in X.509 certificates
[    3.582767] Loaded X.509 cert 'Build time autogenerated kernel key: 62d24f9c726e026b112735485dad6e6e4b50c923'
[    3.789261] zswap: loaded using pool lzo/zbud
[    3.792743] Key type big_key registered
[    3.840168] Key type trusted registered
[    3.842559] Key type encrypted registered
[    3.924954] AppArmor: AppArmor sha1 policy hashing enabled
[    3.973992] ima: No TPM chip found, activating TPM-bypass! (rc=-19)
[    3.977894] ima: Allocated hash algorithm: sha1
[    3.978718] evm: HMAC attrs: 0x1
[    3.979502]   Magic number: 4:953:134
[    3.980230] virtio-pci 0000:00:03.0: hash matches
[    3.981125] rtc_cmos rtc_cmos: setting system clock to 2020-01-31 15:06:14 UTC (1580483174)
[    3.982745] BIOS EDD facility v0.16 2004-Jun-25, 0 devices found
[    4.151257] EDD information not available.
[    4.251641] Freeing unused kernel image memory: 2428K
[    4.268015] Write protecting the kernel read-only data: 20480k
[    4.320106] Freeing unused kernel image memory: 2008K
[    4.338329] Freeing unused kernel image memory: 1884K
[    4.491304] x86/mm: Checked W+X mappings: passed, no W+X pages found.
[    4.564600] x86/mm: Checking user space page tables
[    4.590209] x86/mm: Checked W+X mappings: passed, no W+X pages found.
Loading, please wait...
starting version 237
[    4.794803] AVX2 version of gcm_enc/dec engaged.
[    4.813532] AES CTR mode by8 optimization enabled
[    4.859955] Fusion MPT base driver 3.04.20
[    4.861197] virtio_net virtio1 enp0s8: renamed from eth1
[    4.864782] Copyright (c) 1999-2008 LSI Corporation
[    4.870603] Fusion MPT SPI Host driver 3.04.20
[    4.872356] mptbase: ioc0: Initiating bringup
[    4.884421] virtio_net virtio0 enp0s3: renamed from eth0
[    4.976654] ioc0: LSI53C1030 A0: Capabilities={Initiator}
[    5.177064] input: ImExPS/2 Generic Explorer Mouse as /devices/platform/i8042/serio1/input/input4
[    6.006882] scsi host2: ioc0: LSI53C1030 A0, FwRev=00000000h, Ports=1, MaxQ=256, IRQ=20
[    8.177015] scsi 2:0:0:0: Direct-Access     VBOX     HARDDISK         1.0  PQ: 0 ANSI: 5
[    8.642084] scsi target2:0:0: Beginning Domain Validation
[    8.652621] scsi target2:0:0: Domain Validation skipping write tests
[    8.727721] scsi target2:0:0: Ending Domain Validation
[    8.728777] scsi target2:0:0: asynchronous
[    8.729846] scsi 2:0:1:0: Direct-Access     VBOX     HARDDISK         1.0  PQ: 0 ANSI: 5
[    8.944912] scsi target2:0:1: Beginning Domain Validation
[    8.981036] random: fast init done
[    9.757835] scsi target2:0:1: Domain Validation skipping write tests
[    9.836405] scsi target2:0:1: Ending Domain Validation
[    9.837344] scsi target2:0:1: asynchronous
[    9.962407] random: systemd-udevd: uninitialized urandom read (16 bytes read)
[    9.964976] sd 2:0:0:0: Attached scsi generic sg0 type 0
[    9.964988] random: systemd-udevd: uninitialized urandom read (16 bytes read)
[   10.177153] random: systemd-udevd: uninitialized urandom read (16 bytes read)
[   10.465196] sd 2:0:0:0: [sda] 20971520 512-byte logical blocks: (10.7 GB/10.0 GiB)
[   10.466126] sd 2:0:1:0: [sdb] 20480 512-byte logical blocks: (10.5 MB/10.0 MiB)
[   10.527135] sd 2:0:1:0: Attached scsi generic sg1 type 0
[   10.533390] sd 2:0:0:0: [sda] Write Protect is off
[   10.533570] sd 2:0:1:0: [sdb] Write Protect is off
[   10.537965] sd 2:0:1:0: [sdb] Incomplete mode parameter data
[   10.538872] sd 2:0:1:0: [sdb] Assuming drive cache: write through
[   10.622584] sd 2:0:0:0: [sda] Incomplete mode parameter data
[   10.672191] sd 2:0:0:0: [sda] Assuming drive cache: write through
[   10.674073]  sda: sda1
[   10.688434] sd 2:0:0:0: [sda] Attached SCSI disk
[   10.689405] sd 2:0:1:0: [sdb] Attached SCSI disk
Begin: Loading essential drivers ... [   12.137053] raid6: sse2x1   gen() 11999 MB/s
[   12.216229] raid6: sse2x1   xor()  8333 MB/s
[   12.342112] raid6: sse2x2   gen() 15039 MB/s
[   12.395862] raid6: sse2x2   xor() 10442 MB/s
[   12.479873] raid6: sse2x4   gen() 18234 MB/s
[   12.528934] raid6: sse2x4   xor() 10275 MB/s
[   12.892784] raid6: avx2x1   gen() 25925 MB/s
[   12.993834] raid6: avx2x1   xor() 15267 MB/s
[   13.227214] raid6: avx2x2   gen() 28466 MB/s
[   13.276324] raid6: avx2x2   xor() 17996 MB/s
[   13.325523] raid6: avx2x4   gen() 33764 MB/s
[   13.395045] raid6: avx2x4   xor() 20916 MB/s
[   13.757184] raid6: using algorithm avx2x4 gen() 33764 MB/s
[   13.758127] raid6: .... xor() 20916 MB/s, rmw enabled
[   13.761509] raid6: using avx2x2 recovery algorithm
[   13.765440] xor: automatically using best checksumming function   avx       
[   13.814987] async_tx: api initialized (async)
done.
Begin: Running /scripts/init-premount ... done.
Begin: Mounti[   13.855295] Btrfs loaded, crc32c=crc32c-intel
ng root file system ... Begin: Running /scripts/local-top ... done.
Begin: Running /scripts/local-premount ... Scanning for Btrfs filesystems
done.
Warning: fsck not present, so skipping root file system
[   13.906580] EXT4-fs (sda1): mounted filesystem with ordered data mode. Opts: (null)
done.
Begin: Running /scripts/local-bottom ... done.
Begin: Running /scripts/init-bottom ... done.
[   14.196994] ip_tables: (C) 2000-2006 Netfilter Core Team
[   14.210119] systemd[1]: systemd 237 running in system mode. (+PAM +AUDIT +SELINUX +IMA +APPARMOR +SMACK +SYSVINIT +UTMP +LIBCRYPTSETUP +GCRYPT +GNUTLS +ACL +XZ +LZ4 +SECCOMP +BLKID +ELFUTILS +KMOD -IDN2 +IDN -PCRE2 default-hierarchy=hybrid)
[   14.215210] systemd[1]: Detected virtualization oracle.
[   14.216452] systemd[1]: Detected architecture x86-64.

Welcome to [1mUbuntu 18.04.3 LTS[0m!

[   14.241436] systemd[1]: Set hostname to <ubuntu>.
[   14.294785] systemd[1]: Initializing machine ID from random generator.
[   14.876564] systemd[1]: Installed transient /etc/machine-id file.
[   15.186332] systemd[1]: Created slice System Slice.
[[0;32m  OK  [0m] Created slice System Slice.
[   15.334134] systemd[1]: Listening on Device-mapper event daemon FIFOs.
[[0;32m  OK  [0m] Listening on Device-mapper event daemon FIFOs.
[   15.336248] systemd[1]: Listening on Syslog Socket.
[[0;32m  OK  [0m] Listening on Syslog Socket.
[   15.353869] systemd[1]: Created slice system-serial\x2dgetty.slice.
[[0;32m  OK  [0m] Created slice system-serial\x2dgetty.slice.
[[0;32m  OK  [0m] Listening on LVM2 poll daemon socket.
[[0;32m  OK  [0m] Listening on udev Kernel Socket.
[[0;32m  OK  [0m] Listening on Journal Socket (/dev/log).
[[0;32m  OK  [0m] Listening on Journal Socket.
         Mounting Huge Pages File System...
         Starting Remount Root and Kernel File Systems...
         Startin[   15.487542] EXT4-fs (sda1): re-mounted. Opts: (null)
g Uncomplicated firewall...
[[0;32m  OK  [0m] Listening on Journal Audit Socket.
[[0;32m  OK  [0m] Created slice User and Session Slice.
[[0;32m  OK  [0m] Reached target Slices.
[[0;32m  OK  [0m] Started Forward Password Requests to Wall Directory Watch.
         Mounting POSIX Message Queue File System...
[[0;32m  OK  [0m] Set up automount Arbitrary Executab…rmats File System Automount Point.
[[0;32m  OK  [0m] Reached target User and Group Name Lookups.
[[0;32m  OK  [0m] Listening on udev Control Socket.
         Starting Create list of required st…ce nodes for the current kernel...
         Starting Set the console keyboard layout...
[[0;32m  OK  [0m] Listening on /dev/initctl Compatibility Named Pipe.
[[0;32m  OK  [0m] Listening on Network Service Netlink Socket.
[[0;32m  OK  [0m] Listening on LVM2 metadata daemon socket.
         Starting Monitoring of LVM2 mirrors…ng dmeventd or progress polling...
         Mounting Kernel Debug File System...
         Starting Load Kernel Modules...
         Starting Journal Service...
[[0;32m  OK  [0m] Reached target Swap.
         Starting udev Coldplug all Devices...
[[0;32m  OK  [0m] Reached target System Time Synchronized.
[[0;32m  OK  [0m] Mounted Huge Pages File System.
[[0;32m  OK  [0m] Started Remount Root and Kernel File Systems.[   15.848404] Loading iSCSI transport class v2.0-870.

[[0;32m  OK  [0m] Started Uncomplicated firewall.
[[0;32m  OK  [0m] Mounted POSIX Message Queue File System.
[[0;32m  OK  [0m] Started Create list of required sta…vice nodes for the current kernel.
[[0;32m  OK  [0m] Started Set the console keyboard layout.
[[0;32m  OK  [0m] Mounted Kernel Debug File System.
[[0;32m  OK  [0m] Started LVM2 metadata daemon.
         Starting Create Static Device Nodes in /dev...
         Starting Load/Save Random Seed...
[   16.344486] iscsi: registered transport (tcp)
[   16.777870] random: crng init done
[   16.845783] random: 7 urandom warning(s) missed due to ratelimiting
[[0;32m  OK  [0m] Started Journal Service.
[[0;32m  OK  [0m] Started Create Static Device Nodes in /dev.
[[0;32m  OK  [0m] Started Load/Save Random Seed.
[[0;32m  OK  [0m] Started Monit[   16.954761] iscsi: registered transport (iser)
oring of LVM2 mirrors,…sing dmeventd or progress polling.
[[0;32m  OK  [0m] Started udev Coldplug all Devices.
[[0;32m  OK  [0m] Reached target Local File Systems (Pre).
[[0;32m  OK  [0m] Reached target Local File Systems.
         Starting Set console font and keymap...
         Starting AppArmor initialization...
         Starting Tell Plymouth To Write Out Runtime Data...
         Starting Commit a transient machine-id on disk...
         Starting ebtables ruleset management...
         Starting udev Kernel Device Manager...
         Starting Flush Journal to Persistent Storage...
[[0;32m  OK  [0m] Started Load Kernel Modules.
[[0;32m  OK  [0m] Started Set console font and keymap.
[[0;32m  OK  [0m] Started Tell Plymouth To Write Out Runtime Data.
         Mounting FUSE Control File System...
         Mounting Kernel Configuration File System...
         Starting Apply Kernel Variables...
[[0;32m  OK  [0m] Mounted FUSE Control File System.
[[0;32m  OK  [0m] Mounted Kernel Configuration File System.
[[0;32m  OK  [0m] Started udev Kernel Device Manager.
[[0;32m  OK  [0m] Started Apply Kernel Variables.
[[0;32m  OK  [0m] Started Dispatch Password Requests to Console Directory Watch.
[[0;32m  OK  [0m] Reached target Local Encrypted Volumes.
[[0;32m  OK  [0m] Started Commit a transient machine-id on disk.
[[0;32m  OK  [0m] Started ebtables ruleset management.
[[0;32m  OK  [0m] Started Flush Journal to Persistent Storage.
[[0;32m  OK  [0m] Found device /dev/ttyS0.
[[0;32m  OK  [0m] Listening on Load/Save RF Kill Switch Status /dev/rfkill Watch.
         Starting Create Volatile Files and Directories...
[[0;32m  OK  [0m] Started Create Volatile Files and Directories.
         Starting Update UTMP about System Boot/Shutdown...
[[0;32m  OK  [0m] Started Update UTMP about System Boot/Shutdown.
[[0;32m  OK  [0m] Started AppArmor initialization.
         Starting Initial cloud-init job (pre-networking)...
[   20.355396] cloud-init[541]: Cloud-init v. 19.3-41-gc4735dd3-0ubuntu1~18.04.1 running 'init-local' at Fri, 31 Jan 2020 15:06:30 +0000. Up 19.99 seconds.
[[0;32m  OK  [0m] Started Initial cloud-init job (pre-networking).
[[0;32m  OK  [0m] Reached target Network (Pre).
         Starting Network Service...
[[0;32m  OK  [0m] Started Network Service.
         Starting Network Name Resolution...
         Starting Wait for Network to be Configured...
[[0;32m  OK  [0m] Started Network Name Resolution.
[[0;32m  OK  [0m] Reached target Network.
[[0;32m  OK  [0m] Reached target Host and Network Name Lookups.
[[0;32m  OK  [0m] Started Wait for Network to be Configured.
         Starting Initial cloud-init job (metadata service crawler)...
[   22.246349] cloud-init[661]: Cloud-init v. 19.3-41-gc4735dd3-0ubuntu1~18.04.1 running 'init' at Fri, 31 Jan 2020 15:06:32 +0000. Up 22.09 seconds.
[   22.269662] cloud-init[661]: ci-info: ++++++++++++++++++++++++++++++++++++++Net device info+++++++++++++++++++++++++++++++++++++++
[   22.307397] cloud-init[661]: ci-info: +--------+-------+----------------------------+---------------+--------+-------------------+
[   22.343690] cloud-init[661]: ci-info: | Device |   Up  |          Address           |      Mask     | Scope  |     Hw-Address    |
[   22.376266] cloud-init[661]: ci-info: +--------+-------+----------------------------+---------------+--------+-------------------+
[   22.389976] cloud-init[661]: ci-info: | enp0s3 |  True |         10.0.2.15          | 255.255.255.0 | global | 02:6f:f9:1e:39:dc |
[   22.435395] cloud-init[661]: ci-info: | enp0s3 |  True | fe80::6f:f9ff:fe1e:39dc/64 |       .       |  link  | 02:6f:f9:1e:39:dc |
[   22.444219] cloud-init[661]: ci-info: | enp0s8 | False |             .              |       .       |   .    | 08:00:27:ea:a1:3e |
[   22.460316] cloud-init[661]: ci-info: |   lo   |  True |         127.0.0.1          |   255.0.0.0   |  host  |         .         |
[   22.502893] cloud-init[661]: ci-info: |   lo   |  True |          ::1/128           |       .       |  host  |         .         |
[   22.550342] cloud-init[661]: ci-info: +--------+-------+----------------------------+---------------+--------+-------------------+
[   22.578440] cloud-init[661]: ci-info: ++++++++++++++++++++++++++++Route IPv4 info+++++++++++++++++++++++++++++
[   22.595900] cloud-init[661]: ci-info: +-------+-------------+----------+-----------------+-----------+-------+
[   22.628280] cloud-init[661]: ci-info: | Route | Destination | Gateway  |     Genmask     | Interface | Flags |
[   22.666141] cloud-init[661]: ci-info: +-------+-------------+----------+-----------------+-----------+-------+
[   22.700959] cloud-init[661]: ci-info: |   0   |   0.0.0.0   | 10.0.2.2 |     0.0.0.0     |   enp0s3  |   UG  |
[   22.732589] cloud-init[661]: ci-info: |   1   |   10.0.2.0  | 0.0.0.0  |  255.255.255.0  |   enp0s3  |   U   |
[   22.750397] cloud-init[661]: ci-info: |   2   |   10.0.2.2  | 0.0.0.0  | 255.255.255.255 |   enp0s3  |   UH  |
[   22.770573] cloud-init[661]: ci-info: +-------+-------------+----------+-----------------+-----------+-------+
[   22.772475] cloud-init[661]: ci-info: +++++++++++++++++++Route IPv6 info+++++++++++++++++++
[   22.789355] cloud-init[661]: ci-info: +-------+-------------+---------+-----------+-------+
[   22.849275] cloud-init[661]: ci-info: | Route | Destination | Gateway | Interface | Flags |
[   22.884136] cloud-init[661]: ci-info: +-------+-------------+---------+-----------+-------+
[   22.896440] cloud-init[661]: ci-info: |   1   |  fe80::/64  |    ::   |   enp0s3  |   U   |
[   22.956218] cloud-init[661]: ci-info: |   3   |    local    |    ::   |   enp0s3  |   U   |
[   23.002049] cloud-init[661]: ci-info: |   4   |   ff00::/8  |    ::   |   enp0s3  |   U   |
[   23.004709] cloud-init[661]: ci-info: +-------+-------------+---------+-----------+-------+
[   23.020369] cloud-init[661]: Generating public/private rsa key pair.
[   23.027514] cloud-init[661]: Your identification has been saved in /etc/ssh/ssh_host_rsa_key.
[   23.040232] cloud-init[661]: Your public key has been saved in /etc/ssh/ssh_host_rsa_key.pub.
[[0;32m  OK  [0m] Started Initial cloud-init job (metadata service crawler).
[[0;32m  OK  [0m] Reached target System Initialization.
[[0;32m  OK  [0m] Started Daily Cleanup of Temporary Directories.
[   23.074830]          Starting Socket activation for snappy daemon.
[[0;32m  OK  [0m] Started Message of the Day.
[[0;32m  OK  [0m] Listening on UUID daemon activation socket.
[[0;32m  OK  [0m] Listening on D-Bus System Message Bus Socket.
[[0;32m  OK  [0m] Listening on ACPID Listen Socket.
[[0;32m  OK  [0m] Listening on Open-iSCSI iscsid Socket.
cloud-init[661]: The key fingerprint is:
[[0;32m  OK  [0m] Started ACPI Events Check.
[[0;32m  OK  [0m] Reached target Paths.
[[0;32m  OK  [0m] Started Discard unused blocks once a week.
[   23.209632] cloud-init[661]: SHA256:qCPGeYn8ibX6wOVCcbk3duWKiDT1KwL5qqJTbo0z3gg root@ubuntu-bionic
         Starting LXD - unix socket.
[[0;32m  OK  [0m] Started Daily apt download activities.
[[0;32m  OK  [0m] Started Daily apt upgrade and clean activities.
[[0;32m  OK  [0m] Reached target Timers.
[[0;32m  OK  [0m] Reached target Network is Online.
[   23.283742] cloud-init[661]: The key's randomart image is:
[   23.392765] cloud-init[661]: +---[RSA 2048]----+
[   23.400694] cloud-init[661]: |                 |
[[0;32m  OK  [0m] Reached target Remote File Systems (Pre).
[[0;32m  OK  [0m] Reached target Remote File Systems.
[   23.410282] cloud-init[661]: |     .           |
         Starting Availability of block devices...
[[0;32m  OK  [0m] Reached target Cloud-config availability.
[[0;32m  OK  [0m] Listening on Socket activation for snappy daemon.
[[0;32m  OK  [0m] Listening on LXD - unix socket.
[[0;32m  OK  [0m] Started Availability of block devices.
[   23.459736] cloud-init[[0;32m  OK  [0m] Reached target Sockets.
[[0;32m  OK  [0m] Reached target Basic System.
[661]: |  . +     .      |
[[0;32m  OK  [0m] Started D-Bus System Message Bus.
[   23.559410] cloud-init[661]: | . + o . o       |
         Starting Accounts Service...
[   23.598441] cloud-init[661]: |o + o * S .      |
[[0;32m  OK  [0m] Started Regular background program processing daemon.
[   23.665626] cloud-init[661]: | O.B * = .       |
         Starting LSB: Record successful boot for GRUB...
[   23.715287] cloud-init[661]: |Eo#oX o .        |[[0;32m  OK  [0m] Started Deferred execution scheduler.
[[0;32m  OK  [0m] Started FUSE filesystem for LXC.

         Starting Permit User Sessions...
[   23.787799] cloud-init[661]: |o+*%.=           |
         Starting LSB: automatic crash report generation...
[   23.854291] cloud-init[661]: |B+==*            |
         Starting Pollinate to seed the pseudo random number generator...
[   23.897335] cloud-init[661]: +----[SHA256]-----+
         Starting Login Service...
[   23.928642] cloud-init[661]: Generating public/private dsa key pair.
         Starting Dispatcher daemon for systemd-networkd...
[   23.958292] cloud-init[661]: Your identification has been saved in /etc/ssh/ssh_host_dsa_key.
[   23.998796] cloud-init[661]: Your public key has been saved in /etc/ssh/ssh_host_dsa_key.pub.
[   24.006226] cloud-init[661]: The key fingerprint is:
[   24.013540] cloud-init[661]: SHA256:IHHzjQ52Tl8+HTGcjXtxkjij0lDEDNuAGfoE+gmF7fc root@ubuntu-bionic
[   24.019880] cloud-init[661]: The key's randomart image is:
[   24.030414] cloud-init[661]: +---[DSA 1024]----+
[   24.048251] cloud-init[661]: |   o+ ++o*o  oo= |
[   24.049650] cloud-init[661]: |  .o.=oo.*o + *+o|
[[0;32m  OK  [0m] Started irqbalance daemon.
[   24.067340] cloud-init[661]: |  o.o = *oo..o.oo|
         Starting System Logging Service...
[   24.108660] cloud-init[661]: |   o.*.B..oo ....|         Starting Virtualbox guest utils...

         Starting LXD - container startup/shutdown...
[   24.141335] cloud-init[661]: |    o...S.. o .. |
[   24.165067] cloud-init[661]: |        E    .   |
[   24.173246] cloud-init[661]: |                 |
[   24.186071] cloud-init[661]: |                 |
[   24.208209] cloud-init[661]: |                 |
[   24.224337] cloud-init[661]: +----[SHA256]-----+
[   24.229857] cloud-init[661]: Generating public/private ecdsa key pair.
[   24.233607] cloud-init[661]: Your identification has been saved in /etc/ssh/ssh_host_ecdsa_key.
         Starting Snappy daemon...
[   24.258514] cloud-init[661]: Your public key has been saved in /etc/ssh/ssh_host_ecdsa_key.pub.
[[0;32m  OK  [0m] Started System Logging Service.
[   24.268451] [[0;32m  OK  [0m] Started Dispatcher daemon for systemd-networkd.
cloud-init[661]: The key fingerprint is:
[[0;32m  OK  [0m] Started Permit User Sessions.
[   24.287973] cloud-init[661]: SHA256:0j3+IS3O4uNmKydYcU+BUHbMGYtl3Basn3Y25/y5D0s root@ubuntu-bionic
[   24.340353] cloud-init[661]: The key's randomart image is:
[   24.352259] cloud-init[661]: +---[ECDSA 256]---+
[   24.365017] cloud-init[661]: |      .oo===..   |
[   24.371398] cloud-init[661]: |       ..=*.+    |
[   24.372664] cloud-init[661]: |        . .+     |
[   24.373785] cloud-init[661]: |      ....o      |
[   24.385364] cloud-init[661]: |      .oSoo. .   |
[   24.396250] cloud-init[661]: |      .. ..o+ + .|
[   24.401920] cloud-init[661]: |     o    +.ooE= |
[[0;32m  OK  [0m] Started Login Service.
[   24.444722] cloud-init[661]: |    . o *o + o o+|
[[0;32m  OK  [0m] Started Unattended Upgrades Shutdown.
[   24.472635] cloud-init[661]: |       O++o . .o*|
         Starting Authorization Manager...
         Starting Hold until boot process finishes up...
         Starting Terminate Plymouth Boot Screen...
[[0;32m  OK  [0m] Started LSB: automatic crash report generation.
[[0;32m  OK  [0m] Started LXD - container startup/shutdown.
[[0;32m  OK  [0m] Started Hold until boot process finishes up.
[   24.646558] cloud-init[661]: +----[SHA256]-----+[[0;32m  OK  [0m] Started Terminate Plymouth Boot Screen.
[[0;32m  OK  [0m] Started Serial Getty on ttyS0.

[   24.663400] cloud-init[661]: Generating public/private ed25519 key pair.
         Starting Set console scheme...
[   24.705506] cloud-init[661]: Your identification has been saved in /etc/ssh/ssh_host_ed25519_key.
[[0;32m  OK  [0m] Started Virtualbox guest utils.
[   24.732981] cloud-init[661]: Your public key has been saved in /etc/ssh/ssh_host_ed25519_key.pub.
[[0;32m  OK  [0m] Started LSB: Record successful boot for GRUB.
[   24.778711] cloud-init[661]: The key fingerprint is:
[[0;32m  OK  [0m] Started Pollinate to seed the pseudo random number generator.
[   24.795986] cloud-init[[0;32m  OK  [0m] Started Set console scheme.
[661]: SHA256:kMu/hRx3DyaCQejCHqrG45WsGwl6USRdXZohpzgnIFw root@ubuntu-bionic
[[0;32m  OK  [0m] Started Authorization Manager.
[   24.856596] cloud-init[661]: The key's randomart image is:[
[0;32m  OK  [0m] Started Accounts Service.
[[0;32m  OK  [0m] Created slice system-getty.slice.
[   24.877004] cloud-init[661]: [[0;32m  OK  [0m] Started Getty on tty1.
[[0;32m  OK  [0m] Reached target Login Prompts.
+--[ED25519 256]--+
         Starting OpenBSD Secure Shell server...
[   24.901154] cloud-init[661]: |o +E.o+.o..      |
[[0;32m  OK  [0m] Started OpenBSD Secure Shell server.
[   24.916837] cloud-init[661]: | o +oo =.+       |
[[0;32m  OK  [0m] Started Snappy daemon.
[   24.960445] cloud-init[661]: | . .= * o        |
         Starting Wait until snapd is fully seeded...
[   24.984115] cloud-init[661]: |  +..= =         |
[   24.996747] cloud-init[661]: |.o.o  + S o +    |
[   24.998638] cloud-init[661]: |+ +..  o = + o   |
[   24.999940] cloud-init[661]: |+o.+    + .   .  |
[   25.001359] cloud-init[661]: |.=+      o       |
[   25.013672] cloud-init[661]: |o+o     .        |
[   25.025822] cloud-init[661]: +----[SHA256]-----+
[[0;32m  OK  [0m] Created slice User Slice of vagrant.
         Starting User Manager for UID 1000...
[[0;32m  OK  [0m] Started Session 1 of user vagrant.
[[0;32m  OK  [0m] Started User Manager for UID 1000.
[[0;32m  OK  [0m] Started Wait until snapd is fully seeded.
[[0;32m  OK  [0m] Reached target Multi-User System.
[[0;32m  OK  [0m] Reached target Graphical Interface.
         Starting Update UTMP about System Runlevel Changes...
         Starting Apply the settings specified in cloud-config...
[[0;32m  OK  [0m] Started Update UTMP about System Runlevel Changes.
[   27.172912] cloud-init[1353]: Cloud-init v. 19.3-41-gc4735dd3-0ubuntu1~18.04.1 running 'modules:config' at Fri, 31 Jan 2020 15:06:37 +0000. Up 26.57 seconds.
[[0;32m  OK  [0m] Started Apply the settings specified in cloud-config.
         Starting Execute cloud user/final scripts...
ci-info: no authorized ssh keys fingerprints found for user ubuntu.
<14>Jan 31 15:06:38 ec2: 
<14>Jan 31 15:06:38 ec2: #############################################################
<14>Jan 31 15:06:38 ec2: -----BEGIN SSH HOST KEY FINGERPRINTS-----
<14>Jan 31 15:06:38 ec2: 1024 SHA256:IHHzjQ52Tl8+HTGcjXtxkjij0lDEDNuAGfoE+gmF7fc root@ubuntu-bionic (DSA)
<14>Jan 31 15:06:38 ec2: 256 SHA256:0j3+IS3O4uNmKydYcU+BUHbMGYtl3Basn3Y25/y5D0s root@ubuntu-bionic (ECDSA)
<14>Jan 31 15:06:38 ec2: 256 SHA256:kMu/hRx3DyaCQejCHqrG45WsGwl6USRdXZohpzgnIFw root@ubuntu-bionic (ED25519)
<14>Jan 31 15:06:38 ec2: 2048 SHA256:qCPGeYn8ibX6wOVCcbk3duWKiDT1KwL5qqJTbo0z3gg root@ubuntu-bionic (RSA)
<14>Jan 31 15:06:38 ec2: -----END SSH HOST KEY FINGERPRINTS-----
<14>Jan 31 15:06:38 ec2: #############################################################
-----BEGIN SSH HOST KEY KEYS-----
ecdsa-sha2-nistp256 AAAAE2VjZHNhLXNoYTItbmlzdHAyNTYAAAAIbmlzdHAyNTYAAABBBJIMZe+apNPWftdII/zXnFv/1KY9kcTYQjiIQfEoL4dtWdawbghsUDGFLSCghFqebcCqqGj4Jol6lLFkAUu1FUU= root@ubuntu-bionic
ssh-ed25519 AAAAC3NzaC1lZDI1NTE5AAAAII1+32sEXKKsuIU05leGJCs+43MxibDVot7Q1/pgI7Sv root@ubuntu-bionic
ssh-rsa AAAAB3NzaC1yc2EAAAADAQABAAABAQDtyAi8PXhOKUVEAicodwAZQpFTkKo2Bcs+hTFnq+QLXSuedau0FdxpJv+khrZZOaCGdLvYbax63Tk2aZcw6fShB8aRJIhrywZwLd69FwE/mRd1B3BUrKEOUF8g4MNDNHKxXqgPIKzvJJs6kIWL4j8HA/MXy1E6yuD9x8ZMoi+gFUKV3XzaLGnVd+mSTazLqwhmRGvBGdYw4I5g8Kjud8mprRTi5J+uFMh0gmg040Xs+4Fn2HN2STsxhSZWJXszhN4Zv/gjtsQQNQhRDKzi4wCoOdxmWhkakpVLtaZ3oZ9+XbU6LQz/xszoSTQ5gIDGaCST/3fvFyvm0NzVGldYW/zF root@ubuntu-bionic
-----END SSH HOST KEY KEYS-----
[   28.108668] cloud-init[1476]: Cloud-init v. 19.3-41-gc4735dd3-0ubuntu1~18.04.1 running 'modules:final' at Fri, 31 Jan 2020 15:06:38 +0000. Up 27.64 seconds.
[   28.145934] cloud-init[1476]: ci-info: no authorized ssh keys fingerprints found for user ubuntu.
[   28.164274] cloud-init[1476]: Cloud-init v. 19.3-41-gc4735dd3-0ubuntu1~18.04.1 finished at Fri, 31 Jan 2020 15:06:38 +0000. Datasource DataSourceNoCloud [seed=/dev/sdb][dsmode=net].  Up 28.08 seconds
[[0;32m  OK  [0m] Started Execute cloud user/final scripts.
[[0;32m  OK  [0m] Reached target Cloud-init target.

Ubuntu 18.04.3 LTS ubuntu-bionic ttyS0

ubuntu-bionic login: 